<?xml version="1.0" encoding="UTF-8"?>
<testng-results total="14" passed="12" failed="2" skipped="0">
  <reporter-output>
  </reporter-output>
  <suite started-at="2024-02-19T20:51:22Z" name="All Test Suite" finished-at="2024-02-19T20:51:52Z" duration-ms="29236">
    <groups>
    </groups>
    <test started-at="2024-02-19T20:51:22Z" name="C:/Users/USER/IdeaProjects/SwagLabsProject" finished-at="2024-02-19T20:51:52Z" duration-ms="29236">
      <class name="Testing.CheckoutpgTest">
        <test-method signature="AddIncorrectInfo(java.lang.String, java.lang.String, java.lang.String)[pri:1, instance:Testing.CheckoutpgTest@fb9c7aa]" started-at="2024-02-19T20:51:47Z" name="AddIncorrectInfo" description="Filling out the incorrect details" finished-at="2024-02-19T20:51:48Z" duration-ms="639" status="PASS">
          <params>
            <param index="0">
              <value>
                <![CDATA[]]>
              </value>
            </param>
            <param index="1">
              <value>
                <![CDATA[akber]]>
              </value>
            </param>
            <param index="2">
              <value>
                <![CDATA[12345]]>
              </value>
            </param>
          </params>
        </test-method>
        <test-method signature="AddIncorrectInfo(java.lang.String, java.lang.String, java.lang.String)[pri:1, instance:Testing.CheckoutpgTest@fb9c7aa]" started-at="2024-02-19T20:51:48Z" name="AddIncorrectInfo" description="Filling out the incorrect details" finished-at="2024-02-19T20:51:48Z" duration-ms="587" status="PASS">
          <params>
            <param index="0">
              <value>
                <![CDATA[shaiz]]>
              </value>
            </param>
            <param index="1">
              <value>
                <![CDATA[]]>
              </value>
            </param>
            <param index="2">
              <value>
                <![CDATA[12345]]>
              </value>
            </param>
          </params>
        </test-method>
        <test-method signature="AddIncorrectInfo(java.lang.String, java.lang.String, java.lang.String)[pri:1, instance:Testing.CheckoutpgTest@fb9c7aa]" started-at="2024-02-19T20:51:48Z" name="AddIncorrectInfo" description="Filling out the incorrect details" finished-at="2024-02-19T20:51:49Z" duration-ms="594" status="PASS">
          <params>
            <param index="0">
              <value>
                <![CDATA[shaiz]]>
              </value>
            </param>
            <param index="1">
              <value>
                <![CDATA[akber]]>
              </value>
            </param>
            <param index="2">
              <value>
                <![CDATA[]]>
              </value>
            </param>
          </params>
        </test-method>
        <test-method signature="AddCorrectInfo()[pri:2, instance:Testing.CheckoutpgTest@fb9c7aa]" started-at="2024-02-19T20:51:49Z" name="AddCorrectInfo" description="Adding correct info" finished-at="2024-02-19T20:51:49Z" duration-ms="470" status="PASS">
        </test-method>
      </class>
      <class name="Testing.HomepgTest">
        <test-method signature="AddToCart()[pri:1, instance:Testing.HomepgTest@25b2cfcb]" started-at="2024-02-19T20:51:47Z" name="AddToCart" description="Adding products to cart" finished-at="2024-02-19T20:51:47Z" duration-ms="137" status="PASS">
        </test-method>
        <test-method signature="CheckCart()[pri:2, instance:Testing.HomepgTest@25b2cfcb]" started-at="2024-02-19T20:51:47Z" name="CheckCart" description="Checking the Added products in Cart" finished-at="2024-02-19T20:51:47Z" duration-ms="78" status="PASS">
        </test-method>
      </class>
      <class name="Testing.FinishpgTest">
        <test-method signature="GetInfo()[pri:1, instance:Testing.FinishpgTest@72758afa]" started-at="2024-02-19T20:51:49Z" name="GetInfo" description="Getting the total price, payment info" finished-at="2024-02-19T20:51:52Z" duration-ms="2296" status="PASS">
        </test-method>
      </class>
      <class name="Testing.LoginTest">
        <test-method is-config="true" signature="Driver()[pri:0, instance:Testing.LoginTest@4c398c80]" started-at="2024-02-19T20:51:22Z" name="Driver" finished-at="2024-02-19T20:51:27Z" duration-ms="4478" status="PASS">
        </test-method>
        <test-method signature="Login(java.lang.String, java.lang.String)[pri:1, instance:Testing.LoginTest@4c398c80]" started-at="2024-02-19T20:51:27Z" name="Login" description="logging" finished-at="2024-02-19T20:51:28Z" duration-ms="1355" status="PASS">
          <params>
            <param index="0">
              <value>
                <![CDATA[problem_user]]>
              </value>
            </param>
            <param index="1">
              <value>
                <![CDATA[secret_sauce]]>
              </value>
            </param>
          </params>
        </test-method>
        <test-method signature="Login(java.lang.String, java.lang.String)[pri:1, instance:Testing.LoginTest@4c398c80]" started-at="2024-02-19T20:51:28Z" name="Login" description="logging" finished-at="2024-02-19T20:51:34Z" duration-ms="5822" status="FAIL">
          <params>
            <param index="0">
              <value>
                <![CDATA[locked_out_user]]>
              </value>
            </param>
            <param index="1">
              <value>
                <![CDATA[secret_sauce]]>
              </value>
            </param>
          </params>
          <exception class="java.lang.AssertionError">
            <message>
              <![CDATA[Login failed]]>
            </message>
            <full-stacktrace>
              <![CDATA[java.lang.AssertionError: Login failed
	at org.testng.Assert.fail(Assert.java:89)
	at Testing.LoginTest.Login(LoginTest.java:45)
	at java.base/jdk.internal.reflect.NativeMethodAccessorImpl.invoke0(Native Method)
	at java.base/jdk.internal.reflect.NativeMethodAccessorImpl.invoke(NativeMethodAccessorImpl.java:62)
	at java.base/jdk.internal.reflect.DelegatingMethodAccessorImpl.invoke(DelegatingMethodAccessorImpl.java:43)
	at java.base/java.lang.reflect.Method.invoke(Method.java:566)
	at org.testng.internal.MethodInvocationHelper.invokeMethod(MethodInvocationHelper.java:80)
	at org.testng.internal.Invoker.invokeMethod(Invoker.java:691)
	at org.testng.internal.Invoker.invokeTestMethod(Invoker.java:883)
	at org.testng.internal.Invoker.invokeTestMethods(Invoker.java:1208)
	at org.testng.internal.TestMethodWorker.invokeTestMethods(TestMethodWorker.java:127)
	at org.testng.internal.TestMethodWorker.run(TestMethodWorker.java:111)
	at org.testng.TestRunner.privateRun(TestRunner.java:753)
	at org.testng.TestRunner.run(TestRunner.java:613)
	at org.testng.SuiteRunner.runTest(SuiteRunner.java:334)
	at org.testng.SuiteRunner.runSequentially(SuiteRunner.java:329)
	at org.testng.SuiteRunner.privateRun(SuiteRunner.java:291)
	at org.testng.SuiteRunner.run(SuiteRunner.java:240)
	at org.testng.SuiteRunnerWorker.runSuite(SuiteRunnerWorker.java:52)
	at org.testng.SuiteRunnerWorker.run(SuiteRunnerWorker.java:86)
	at org.testng.TestNG.runSuitesSequentially(TestNG.java:1137)
	at org.testng.TestNG.runSuitesLocally(TestNG.java:1062)
	at org.testng.TestNG.run(TestNG.java:974)
	at org.apache.maven.surefire.testng.TestNGExecutor.run(TestNGExecutor.java:308)
	at org.apache.maven.surefire.testng.TestNGXmlTestSuite.execute(TestNGXmlTestSuite.java:71)
	at org.apache.maven.surefire.testng.TestNGProvider.invoke(TestNGProvider.java:113)
	at org.apache.maven.surefire.booter.ForkedBooter.runSuitesInProcess(ForkedBooter.java:385)
	at org.apache.maven.surefire.booter.ForkedBooter.execute(ForkedBooter.java:162)
	at org.apache.maven.surefire.booter.ForkedBooter.run(ForkedBooter.java:507)
	at org.apache.maven.surefire.booter.ForkedBooter.main(ForkedBooter.java:495)
]]>
            </full-stacktrace>
          </exception>
        </test-method>
        <test-method signature="Login(java.lang.String, java.lang.String)[pri:1, instance:Testing.LoginTest@4c398c80]" started-at="2024-02-19T20:51:34Z" name="Login" description="logging" finished-at="2024-02-19T20:51:40Z" duration-ms="5502" status="FAIL">
          <params>
            <param index="0">
              <value>
                <![CDATA[locked_out_user]]>
              </value>
            </param>
            <param index="1">
              <value>
                <![CDATA[secret_sauce]]>
              </value>
            </param>
          </params>
          <exception class="java.lang.AssertionError">
            <message>
              <![CDATA[Login failed]]>
            </message>
            <full-stacktrace>
              <![CDATA[java.lang.AssertionError: Login failed
	at org.testng.Assert.fail(Assert.java:89)
	at Testing.LoginTest.Login(LoginTest.java:45)
	at java.base/jdk.internal.reflect.NativeMethodAccessorImpl.invoke0(Native Method)
	at java.base/jdk.internal.reflect.NativeMethodAccessorImpl.invoke(NativeMethodAccessorImpl.java:62)
	at java.base/jdk.internal.reflect.DelegatingMethodAccessorImpl.invoke(DelegatingMethodAccessorImpl.java:43)
	at java.base/java.lang.reflect.Method.invoke(Method.java:566)
	at org.testng.internal.MethodInvocationHelper.invokeMethod(MethodInvocationHelper.java:80)
	at org.testng.internal.Invoker.invokeMethod(Invoker.java:691)
	at org.testng.internal.Invoker.retryFailed(Invoker.java:1031)
	at org.testng.internal.Invoker.invokeTestMethods(Invoker.java:1231)
	at org.testng.internal.TestMethodWorker.invokeTestMethods(TestMethodWorker.java:127)
	at org.testng.internal.TestMethodWorker.run(TestMethodWorker.java:111)
	at org.testng.TestRunner.privateRun(TestRunner.java:753)
	at org.testng.TestRunner.run(TestRunner.java:613)
	at org.testng.SuiteRunner.runTest(SuiteRunner.java:334)
	at org.testng.SuiteRunner.runSequentially(SuiteRunner.java:329)
	at org.testng.SuiteRunner.privateRun(SuiteRunner.java:291)
	at org.testng.SuiteRunner.run(SuiteRunner.java:240)
	at org.testng.SuiteRunnerWorker.runSuite(SuiteRunnerWorker.java:52)
	at org.testng.SuiteRunnerWorker.run(SuiteRunnerWorker.java:86)
	at org.testng.TestNG.runSuitesSequentially(TestNG.java:1137)
	at org.testng.TestNG.runSuitesLocally(TestNG.java:1062)
	at org.testng.TestNG.run(TestNG.java:974)
	at org.apache.maven.surefire.testng.TestNGExecutor.run(TestNGExecutor.java:308)
	at org.apache.maven.surefire.testng.TestNGXmlTestSuite.execute(TestNGXmlTestSuite.java:71)
	at org.apache.maven.surefire.testng.TestNGProvider.invoke(TestNGProvider.java:113)
	at org.apache.maven.surefire.booter.ForkedBooter.runSuitesInProcess(ForkedBooter.java:385)
	at org.apache.maven.surefire.booter.ForkedBooter.execute(ForkedBooter.java:162)
	at org.apache.maven.surefire.booter.ForkedBooter.run(ForkedBooter.java:507)
	at org.apache.maven.surefire.booter.ForkedBooter.main(ForkedBooter.java:495)
]]>
            </full-stacktrace>
          </exception>
        </test-method>
        <test-method signature="Login(java.lang.String, java.lang.String)[pri:1, instance:Testing.LoginTest@4c398c80]" started-at="2024-02-19T20:51:40Z" name="Login" description="logging" finished-at="2024-02-19T20:51:46Z" duration-ms="6188" status="PASS">
          <params>
            <param index="0">
              <value>
                <![CDATA[performance_glitch_user]]>
              </value>
            </param>
            <param index="1">
              <value>
                <![CDATA[secret_sauce]]>
              </value>
            </param>
          </params>
        </test-method>
        <test-method signature="FLogin()[pri:2, instance:Testing.LoginTest@4c398c80]" started-at="2024-02-19T20:51:46Z" name="FLogin" description="final login" finished-at="2024-02-19T20:51:47Z" duration-ms="350" status="PASS">
        </test-method>
      </class>
      <class name="Testing.CartpgTest">
        <test-method signature="RemoveProduct()[pri:1, instance:Testing.CartpgTest@2a8d39c4]" started-at="2024-02-19T20:51:47Z" name="RemoveProduct" description="Removing products from Cart" finished-at="2024-02-19T20:51:47Z" duration-ms="104" status="PASS">
        </test-method>
        <test-method signature="CheckOut()[pri:2, instance:Testing.CartpgTest@2a8d39c4]" started-at="2024-02-19T20:51:47Z" name="CheckOut" description="Going to Checkout Products" finished-at="2024-02-19T20:51:47Z" duration-ms="137" status="PASS">
        </test-method>
      </class>
    </test>
  </suite>
</testng-results>
