<?xml version="1.0" encoding="UTF-8"?>
<testng-results skipped="2" failed="0" total="2" passed="0">
  <reporter-output>
  </reporter-output>
  <suite name="Command line suite" duration-ms="5908" started-at="2023-03-17T18:38:55Z" finished-at="2023-03-17T18:39:00Z">
    <groups>
    </groups>
    <test name="Command line test" duration-ms="5908" started-at="2023-03-17T18:38:55Z" finished-at="2023-03-17T18:39:00Z">
      <class name="TestCases.Testing">
        <test-method status="FAIL" signature="Driver()[pri:0, instance:TestCases.Testing@2344fc66]" name="Driver" is-config="true" duration-ms="0" started-at="2023-03-17T18:38:55Z" finished-at="2023-03-17T18:38:55Z">
          <exception class="java.lang.AssertionError">
            <message>
              <![CDATA[Error in loading the chrome driver]]>
            </message>
            <full-stacktrace>
              <![CDATA[java.lang.AssertionError: Error in loading the chrome driver
	at org.testng.Assert.fail(Assert.java:89)
	at Utlis.PageFactory.launchWebBrowser(PageFactory.java:22)
	at TestCases.Testing.Driver(Testing.java:21)
	at sun.reflect.NativeMethodAccessorImpl.invoke0(Native Method)
	at sun.reflect.NativeMethodAccessorImpl.invoke(NativeMethodAccessorImpl.java:62)
	at sun.reflect.DelegatingMethodAccessorImpl.invoke(DelegatingMethodAccessorImpl.java:43)
	at java.lang.reflect.Method.invoke(Method.java:498)
	at org.testng.internal.MethodInvocationHelper.invokeMethod(MethodInvocationHelper.java:80)
	at org.testng.internal.Invoker.invokeConfigurationMethod(Invoker.java:543)
	at org.testng.internal.Invoker.invokeConfigurations(Invoker.java:212)
	at org.testng.internal.Invoker.invokeConfigurations(Invoker.java:138)
	at org.testng.internal.TestMethodWorker.invokeBeforeClassMethods(TestMethodWorker.java:175)
	at org.testng.internal.TestMethodWorker.run(TestMethodWorker.java:107)
	at org.testng.TestRunner.privateRun(TestRunner.java:753)
	at org.testng.TestRunner.run(TestRunner.java:613)
	at org.testng.SuiteRunner.runTest(SuiteRunner.java:334)
	at org.testng.SuiteRunner.runSequentially(SuiteRunner.java:329)
	at org.testng.SuiteRunner.privateRun(SuiteRunner.java:291)
	at org.testng.SuiteRunner.run(SuiteRunner.java:240)
	at org.testng.SuiteRunnerWorker.runSuite(SuiteRunnerWorker.java:52)
	at org.testng.SuiteRunnerWorker.run(SuiteRunnerWorker.java:86)
	at org.testng.TestNG.runSuitesSequentially(TestNG.java:1137)
	at org.testng.TestNG.runSuitesLocally(TestNG.java:1062)
	at org.testng.TestNG.run(TestNG.java:974)
	at org.apache.maven.surefire.testng.TestNGExecutor.run(TestNGExecutor.java:77)
	at org.apache.maven.surefire.testng.TestNGDirectoryTestSuite.executeMulti(TestNGDirectoryTestSuite.java:159)
	at org.apache.maven.surefire.testng.TestNGDirectoryTestSuite.execute(TestNGDirectoryTestSuite.java:99)
	at org.apache.maven.surefire.testng.TestNGProvider.invoke(TestNGProvider.java:106)
	at sun.reflect.NativeMethodAccessorImpl.invoke0(Native Method)
	at sun.reflect.NativeMethodAccessorImpl.invoke(NativeMethodAccessorImpl.java:62)
	at sun.reflect.DelegatingMethodAccessorImpl.invoke(DelegatingMethodAccessorImpl.java:43)
	at java.lang.reflect.Method.invoke(Method.java:498)
	at org.apache.maven.surefire.util.ReflectionUtils.invokeMethodWithArray(ReflectionUtils.java:189)
	at org.apache.maven.surefire.booter.ProviderFactory$ProviderProxy.invoke(ProviderFactory.java:165)
	at org.apache.maven.surefire.booter.ProviderFactory.invokeProvider(ProviderFactory.java:85)
	at org.apache.maven.surefire.booter.ForkedBooter.runSuitesInProcess(ForkedBooter.java:115)
	at org.apache.maven.surefire.booter.ForkedBooter.main(ForkedBooter.java:75)
]]>
            </full-stacktrace>
          </exception>
        </test-method>
        <test-method status="SKIP" signature="LandingHomepg()[pri:1, instance:TestCases.Testing@2344fc66]" name="LandingHomepg" duration-ms="1" started-at="2023-03-17T18:39:00Z" description="Landing home page" finished-at="2023-03-17T18:39:00Z">
        </test-method>
        <test-method status="SKIP" signature="Mensection()[pri:2, instance:TestCases.Testing@2344fc66]" name="Mensection" duration-ms="1" started-at="2023-03-17T18:39:00Z" description="Clicking on Men" finished-at="2023-03-17T18:39:00Z">
        </test-method>
      </class>
    </test>
  </suite>
</testng-results>
