<?xml version="1.0" encoding="UTF-8"?>
<!-- Generated by org.testng.reporters.JUnitXMLReporter -->
<testsuite hostname="DESKTOP-8KCBSMA" name="Command line test" tests="2" failures="0" timestamp="17 Mar 2023 13:39:00 GMT" time="5.908" errors="0">
  <testcase name="@BeforeClass Driver" time="0.0" classname="TestCases.Testing">
    <failure type="java.lang.AssertionError" message="Error in loading the chrome driver">
      <![CDATA[java.lang.AssertionError: Error in loading the chrome driver
	at Utlis.PageFactory.launchWebBrowser(PageFactory.java:22)
	at TestCases.Testing.Driver(Testing.java:21)
	at org.apache.maven.surefire.testng.TestNGExecutor.run(TestNGExecutor.java:77)
	at org.apache.maven.surefire.testng.TestNGDirectoryTestSuite.executeMulti(TestNGDirectoryTestSuite.java:159)
	at org.apache.maven.surefire.testng.TestNGDirectoryTestSuite.execute(TestNGDirectoryTestSuite.java:99)
	at org.apache.maven.surefire.testng.TestNGProvider.invoke(TestNGProvider.java:106)
	at org.apache.maven.surefire.util.ReflectionUtils.invokeMethodWithArray(ReflectionUtils.java:189)
	at org.apache.maven.surefire.booter.ProviderFactory$ProviderProxy.invoke(ProviderFactory.java:165)
	at org.apache.maven.surefire.booter.ProviderFactory.invokeProvider(ProviderFactory.java:85)
	at org.apache.maven.surefire.booter.ForkedBooter.runSuitesInProcess(ForkedBooter.java:115)
	at org.apache.maven.surefire.booter.ForkedBooter.main(ForkedBooter.java:75)
... Removed 26 stack frames]]>
    </failure>
  </testcase>
  <testcase name="LandingHomepg" time="0.001" classname="TestCases.Testing">
    <skipped/>
  </testcase>
  <testcase name="Mensection" time="0.001" classname="TestCases.Testing">
    <skipped/>
  </testcase>
</testsuite>
