<?xml version="1.0" encoding="UTF-8"?>
<testng-results skipped="0" failed="2" total="14" passed="12">
  <reporter-output>
  </reporter-output>
  <suite name="All Test Suite" duration-ms="35381" started-at="2023-03-27T21:55:05Z" finished-at="2023-03-27T21:55:41Z">
    <groups>
    </groups>
    <test name="C:/Users/USER/IdeaProjects/SwagLabsProject" duration-ms="35381" started-at="2023-03-27T21:55:05Z" finished-at="2023-03-27T21:55:41Z">
      <class name="Testing.HomepgTest">
        <test-method status="PASS" signature="AddToCart()[pri:1, instance:Testing.HomepgTest@689604d9]" name="AddToCart" duration-ms="243" started-at="2023-03-27T21:55:34Z" description="Adding products to cart" finished-at="2023-03-27T21:55:35Z">
        </test-method>
        <test-method status="PASS" signature="CheckCart()[pri:2, instance:Testing.HomepgTest@689604d9]" name="CheckCart" duration-ms="139" started-at="2023-03-27T21:55:35Z" description="Checking the Added products in Cart" finished-at="2023-03-27T21:55:35Z">
        </test-method>
      </class>
      <class name="Testing.CheckoutpgTest">
        <test-method status="PASS" signature="AddIncorrectInfo(java.lang.String, java.lang.String, java.lang.String)[pri:1, instance:Testing.CheckoutpgTest@145f66e3]" name="AddIncorrectInfo" duration-ms="1293" started-at="2023-03-27T21:55:35Z" description="Filling out the incorrect details" finished-at="2023-03-27T21:55:37Z">
          <params>
            <param index="0">
              <value>
                <![CDATA[]]>
              </value>
            </param>
            <param index="1">
              <value>
                <![CDATA[akber]]>
              </value>
            </param>
            <param index="2">
              <value>
                <![CDATA[12345]]>
              </value>
            </param>
          </params>
        </test-method>
        <test-method status="PASS" signature="AddIncorrectInfo(java.lang.String, java.lang.String, java.lang.String)[pri:1, instance:Testing.CheckoutpgTest@145f66e3]" name="AddIncorrectInfo" duration-ms="1474" started-at="2023-03-27T21:55:37Z" description="Filling out the incorrect details" finished-at="2023-03-27T21:55:38Z">
          <params>
            <param index="0">
              <value>
                <![CDATA[shaiz]]>
              </value>
            </param>
            <param index="1">
              <value>
                <![CDATA[]]>
              </value>
            </param>
            <param index="2">
              <value>
                <![CDATA[12345]]>
              </value>
            </param>
          </params>
        </test-method>
        <test-method status="PASS" signature="AddIncorrectInfo(java.lang.String, java.lang.String, java.lang.String)[pri:1, instance:Testing.CheckoutpgTest@145f66e3]" name="AddIncorrectInfo" duration-ms="1172" started-at="2023-03-27T21:55:38Z" description="Filling out the incorrect details" finished-at="2023-03-27T21:55:39Z">
          <params>
            <param index="0">
              <value>
                <![CDATA[shaiz]]>
              </value>
            </param>
            <param index="1">
              <value>
                <![CDATA[akber]]>
              </value>
            </param>
            <param index="2">
              <value>
                <![CDATA[]]>
              </value>
            </param>
          </params>
        </test-method>
        <test-method status="PASS" signature="AddCorrectInfo()[pri:2, instance:Testing.CheckoutpgTest@145f66e3]" name="AddCorrectInfo" duration-ms="902" started-at="2023-03-27T21:55:39Z" description="Adding correct info" finished-at="2023-03-27T21:55:40Z">
        </test-method>
      </class>
      <class name="Testing.FinishpgTest">
        <test-method status="PASS" signature="GetInfo()[pri:1, instance:Testing.FinishpgTest@18078bef]" name="GetInfo" duration-ms="515" started-at="2023-03-27T21:55:40Z" description="Getting the total price, payment info" finished-at="2023-03-27T21:55:41Z">
        </test-method>
      </class>
      <class name="Testing.LoginTest">
        <test-method status="PASS" signature="Driver()[pri:0, instance:Testing.LoginTest@4c371370]" name="Driver" is-config="true" duration-ms="6634" started-at="2023-03-27T21:55:05Z" finished-at="2023-03-27T21:55:12Z">
        </test-method>
        <test-method status="PASS" signature="Login(java.lang.String, java.lang.String)[pri:1, instance:Testing.LoginTest@4c371370]" name="Login" duration-ms="2235" started-at="2023-03-27T21:55:12Z" description="logging" finished-at="2023-03-27T21:55:14Z">
          <params>
            <param index="0">
              <value>
                <![CDATA[problem_user]]>
              </value>
            </param>
            <param index="1">
              <value>
                <![CDATA[secret_sauce]]>
              </value>
            </param>
          </params>
        </test-method>
        <test-method status="FAIL" signature="Login(java.lang.String, java.lang.String)[pri:1, instance:Testing.LoginTest@4c371370]" name="Login" duration-ms="6024" started-at="2023-03-27T21:55:14Z" description="logging" finished-at="2023-03-27T21:55:20Z">
          <params>
            <param index="0">
              <value>
                <![CDATA[locked_out_user]]>
              </value>
            </param>
            <param index="1">
              <value>
                <![CDATA[secret_sauce]]>
              </value>
            </param>
          </params>
          <exception class="java.lang.AssertionError">
            <message>
              <![CDATA[Login failed]]>
            </message>
            <full-stacktrace>
              <![CDATA[java.lang.AssertionError: Login failed
	at org.testng.Assert.fail(Assert.java:89)
	at Testing.LoginTest.Login(LoginTest.java:44)
	at sun.reflect.NativeMethodAccessorImpl.invoke0(Native Method)
	at sun.reflect.NativeMethodAccessorImpl.invoke(NativeMethodAccessorImpl.java:62)
	at sun.reflect.DelegatingMethodAccessorImpl.invoke(DelegatingMethodAccessorImpl.java:43)
	at java.lang.reflect.Method.invoke(Method.java:498)
	at org.testng.internal.MethodInvocationHelper.invokeMethod(MethodInvocationHelper.java:80)
	at org.testng.internal.Invoker.invokeMethod(Invoker.java:691)
	at org.testng.internal.Invoker.invokeTestMethod(Invoker.java:883)
	at org.testng.internal.Invoker.invokeTestMethods(Invoker.java:1208)
	at org.testng.internal.TestMethodWorker.invokeTestMethods(TestMethodWorker.java:127)
	at org.testng.internal.TestMethodWorker.run(TestMethodWorker.java:111)
	at org.testng.TestRunner.privateRun(TestRunner.java:753)
	at org.testng.TestRunner.run(TestRunner.java:613)
	at org.testng.SuiteRunner.runTest(SuiteRunner.java:334)
	at org.testng.SuiteRunner.runSequentially(SuiteRunner.java:329)
	at org.testng.SuiteRunner.privateRun(SuiteRunner.java:291)
	at org.testng.SuiteRunner.run(SuiteRunner.java:240)
	at org.testng.SuiteRunnerWorker.runSuite(SuiteRunnerWorker.java:52)
	at org.testng.SuiteRunnerWorker.run(SuiteRunnerWorker.java:86)
	at org.testng.TestNG.runSuitesSequentially(TestNG.java:1137)
	at org.testng.TestNG.runSuitesLocally(TestNG.java:1062)
	at org.testng.TestNG.run(TestNG.java:974)
	at com.intellij.rt.testng.IDEARemoteTestNG.run(IDEARemoteTestNG.java:66)
	at com.intellij.rt.testng.RemoteTestNGStarter.main(RemoteTestNGStarter.java:109)
]]>
            </full-stacktrace>
          </exception>
        </test-method>
        <test-method status="FAIL" signature="Login(java.lang.String, java.lang.String)[pri:1, instance:Testing.LoginTest@4c371370]" name="Login" duration-ms="5667" started-at="2023-03-27T21:55:21Z" description="logging" finished-at="2023-03-27T21:55:26Z">
          <params>
            <param index="0">
              <value>
                <![CDATA[locked_out_user]]>
              </value>
            </param>
            <param index="1">
              <value>
                <![CDATA[secret_sauce]]>
              </value>
            </param>
          </params>
          <exception class="java.lang.AssertionError">
            <message>
              <![CDATA[Login failed]]>
            </message>
            <full-stacktrace>
              <![CDATA[java.lang.AssertionError: Login failed
	at org.testng.Assert.fail(Assert.java:89)
	at Testing.LoginTest.Login(LoginTest.java:44)
	at sun.reflect.NativeMethodAccessorImpl.invoke0(Native Method)
	at sun.reflect.NativeMethodAccessorImpl.invoke(NativeMethodAccessorImpl.java:62)
	at sun.reflect.DelegatingMethodAccessorImpl.invoke(DelegatingMethodAccessorImpl.java:43)
	at java.lang.reflect.Method.invoke(Method.java:498)
	at org.testng.internal.MethodInvocationHelper.invokeMethod(MethodInvocationHelper.java:80)
	at org.testng.internal.Invoker.invokeMethod(Invoker.java:691)
	at org.testng.internal.Invoker.retryFailed(Invoker.java:1031)
	at org.testng.internal.Invoker.invokeTestMethods(Invoker.java:1231)
	at org.testng.internal.TestMethodWorker.invokeTestMethods(TestMethodWorker.java:127)
	at org.testng.internal.TestMethodWorker.run(TestMethodWorker.java:111)
	at org.testng.TestRunner.privateRun(TestRunner.java:753)
	at org.testng.TestRunner.run(TestRunner.java:613)
	at org.testng.SuiteRunner.runTest(SuiteRunner.java:334)
	at org.testng.SuiteRunner.runSequentially(SuiteRunner.java:329)
	at org.testng.SuiteRunner.privateRun(SuiteRunner.java:291)
	at org.testng.SuiteRunner.run(SuiteRunner.java:240)
	at org.testng.SuiteRunnerWorker.runSuite(SuiteRunnerWorker.java:52)
	at org.testng.SuiteRunnerWorker.run(SuiteRunnerWorker.java:86)
	at org.testng.TestNG.runSuitesSequentially(TestNG.java:1137)
	at org.testng.TestNG.runSuitesLocally(TestNG.java:1062)
	at org.testng.TestNG.run(TestNG.java:974)
	at com.intellij.rt.testng.IDEARemoteTestNG.run(IDEARemoteTestNG.java:66)
	at com.intellij.rt.testng.RemoteTestNGStarter.main(RemoteTestNGStarter.java:109)
]]>
            </full-stacktrace>
          </exception>
        </test-method>
        <test-method status="PASS" signature="Login(java.lang.String, java.lang.String)[pri:1, instance:Testing.LoginTest@4c371370]" name="Login" duration-ms="6838" started-at="2023-03-27T21:55:27Z" description="logging" finished-at="2023-03-27T21:55:33Z">
          <params>
            <param index="0">
              <value>
                <![CDATA[performance_glitch_user]]>
              </value>
            </param>
            <param index="1">
              <value>
                <![CDATA[secret_sauce]]>
              </value>
            </param>
          </params>
        </test-method>
        <test-method status="PASS" signature="FLogin()[pri:2, instance:Testing.LoginTest@4c371370]" name="FLogin" duration-ms="971" started-at="2023-03-27T21:55:33Z" description="final login" finished-at="2023-03-27T21:55:34Z">
        </test-method>
      </class>
      <class name="Testing.CartpgTest">
        <test-method status="PASS" signature="RemoveProduct()[pri:1, instance:Testing.CartpgTest@799f10e1]" name="RemoveProduct" duration-ms="202" started-at="2023-03-27T21:55:35Z" description="Removing products from Cart" finished-at="2023-03-27T21:55:35Z">
        </test-method>
        <test-method status="PASS" signature="CheckOut()[pri:2, instance:Testing.CartpgTest@799f10e1]" name="CheckOut" duration-ms="268" started-at="2023-03-27T21:55:35Z" description="Going to Checkout Products" finished-at="2023-03-27T21:55:35Z">
        </test-method>
      </class>
    </test>
  </suite>
</testng-results>
